<?xml version="1.0" encoding="UTF-8"?>
<!-- Generated by org.testng.reporters.JUnitReportReporter -->
<testsuite hostname="DESKTOP-400C7NF" failures="0" tests="3" name="WeRPlayAssignemnts.Task2" time="76.574" errors="0" timestamp="2021-01-24T13:51:02 PKT" skipped="0">
  <testcase classname="WeRPlayAssignemnts.Task2" name="Facebook" time="37.254"/>
  <system-out/>
  <testcase classname="WeRPlayAssignemnts.Task2" name="Designerfilter" time="19.407"/>
  <system-out/>
  <testcase classname="WeRPlayAssignemnts.Task2" name="Viewmorebutton" time="19.913"/>
  <system-out/>
</testsuite> <!-- WeRPlayAssignemnts.Task2 -->
