<?xml version="1.0" encoding="UTF-8"?>
<!-- Generated by org.testng.reporters.JUnitReportReporter -->
<testsuite hostname="DESKTOP-400C7NF" failures="0" tests="3" name="WeRPlayAssignemnts.Task1" time="43.635" errors="0" timestamp="2021-01-21T17:35:40 PKT" skipped="0">
  <testcase classname="WeRPlayAssignemnts.Task1" name="ASignup" time="19.358"/>
  <system-out/>
  <testcase classname="WeRPlayAssignemnts.Task1" name="EmailVerification" time="24.250"/>
  <system-out/>
  <testcase classname="WeRPlayAssignemnts.Task1" name="FieldVerification" time="0.027"/>
  <system-out/>
</testsuite> <!-- WeRPlayAssignemnts.Task1 -->
